Running array of length 5000 (4e-05GB)
Will validate output
Getting CPU baseline
CPU mapping took: 16578ms

Benchmarking single GPU map ***********************
  Running a warmup
  Result is correct
    Total runtime: 0.828416ms
    Min runtime:   0.007168ms
    Max runtime:   0.01024ms
    Mean runtime:  0.00828416ms
    Throughput:    4.82849GB/sec
      Speedup vs CPU:        x2.00117e+06

Benchmarking multi GPU map ************************
  Running a warmup
  Result is correct
    Total runtime: 1.04858ms
    Min runtime:   0.009216ms
    Max runtime:   0.021504ms
    Mean runtime:  0.0104858ms
    Throughput:    3.81469GB/sec
      Speedup vs CPU:        x1.581e+06
      Speedup vs single GPU: x0.790039

Benchmarking multi GPU w/ Steams map **************
  Running a warmup
  Result is correct
    Total runtime: 1.06394ms
    Min runtime:   0.009216ms
    Max runtime:   0.01536ms
    Mean runtime:  0.0106394ms
    Throughput:    3.75962GB/sec
      Speedup vs CPU:        x1.55818e+06
      Speedup vs single GPU: x0.778633
      Speedup vs multi GPU:  x0.985563

Benchmarking multi GPU map with hints *************
  Running a warmup
  Result is correct
    Total runtime: 1.41722ms
    Min runtime:   0.013312ms
    Max runtime:   0.016384ms
    Mean runtime:  0.0141722ms
    Throughput:    2.82244GB/sec
      Speedup vs CPU:        x1.16976e+06
      Speedup vs single GPU: x0.584538
      Speedup vs multi GPU:  x0.739885

