Running array of length 10000 (8e-05GB)
Will validate output
Getting CPU baseline
CPU mapping took: 16588ms

Benchmarking single GPU map ***********************
  Running a warmup
  Result is correct
    Total runtime: 0.813056ms
    Min runtime:   0.007168ms
    Max runtime:   0.012288ms
    Mean runtime:  0.00813056ms
    Throughput:    9.83942GB/sec
      Speedup vs CPU:        x2.0402e+06

Benchmarking multi GPU map ************************
  Running a warmup
  Result is correct
    Total runtime: 0.989185ms
    Min runtime:   0.008192ms
    Max runtime:   0.016384ms
    Mean runtime:  0.00989185ms
    Throughput:    8.08747GB/sec
      Speedup vs CPU:        x1.67694e+06
      Speedup vs single GPU: x0.821946

Benchmarking multi GPU w/ Steams map **************
  Running a warmup
  Result is correct
    Total runtime: 1.04141ms
    Min runtime:   0.009216ms
    Max runtime:   0.018432ms
    Mean runtime:  0.0104141ms
    Throughput:    7.6819GB/sec
      Speedup vs CPU:        x1.59284e+06
      Speedup vs single GPU: x0.780727
      Speedup vs multi GPU:  x0.949853

Benchmarking multi GPU map with hints *************
  Running a warmup
  Result is correct
    Total runtime: 1.42438ms
    Min runtime:   0.013312ms
    Max runtime:   0.019456ms
    Mean runtime:  0.0142438ms
    Throughput:    5.61647GB/sec
      Speedup vs CPU:        x1.16457e+06
      Speedup vs single GPU: x0.570813
      Speedup vs multi GPU:  x0.694465

