Running array of length 10000000 (0.08GB)
Will validate output
Getting CPU baseline
CPU mapping took: 18518ms

Benchmarking single GPU map ***********************
  Running a warmup
  Result is correct
    Total runtime: 8.85863ms
    Min runtime:   0.088064ms
    Max runtime:   0.093184ms
    Mean runtime:  0.0885863ms
    Throughput:    903.074GB/sec
      Speedup vs CPU:        x209039

Benchmarking multi GPU map ************************
  Running a warmup
  Result is correct
    Total runtime: 4.29261ms
    Min runtime:   0.041984ms
    Max runtime:   0.053248ms
    Mean runtime:  0.0429261ms
    Throughput:    1863.67GB/sec
      Speedup vs CPU:        x431392
      Speedup vs single GPU: x2.06369

Benchmarking multi GPU w/ Steams map **************
  Running a warmup
  Result is correct
    Total runtime: 4.41242ms
    Min runtime:   0.043008ms
    Max runtime:   0.048128ms
    Mean runtime:  0.0441242ms
    Throughput:    1813.06GB/sec
      Speedup vs CPU:        x419679
      Speedup vs single GPU: x2.00766
      Speedup vs multi GPU:  x0.972847

Benchmarking multi GPU map with hints *************
  Running a warmup
  Result is correct
    Total runtime: 4.83942ms
    Min runtime:   0.04608ms
    Max runtime:   0.10752ms
    Mean runtime:  0.0483942ms
    Throughput:    1653.09GB/sec
      Speedup vs CPU:        x382649
      Speedup vs single GPU: x1.83051
      Speedup vs multi GPU:  x0.887009

