Running array of length 1000 (8e-06GB)
Will validate output
Getting CPU baseline
CPU mapping took: 9892ms

Benchmarking single GPU map ***********************
  Running a warmup
  Result is correct
    Total runtime: 0.926721ms
    Min runtime:   0.008192ms
    Max runtime:   0.013312ms
    Mean runtime:  0.00926721ms
    Throughput:    0.863259GB/sec
      Speedup vs CPU:        x1.06742e+06

Benchmarking multi GPU map ************************
  Running a warmup
  Result is correct
    Total runtime: 1.04243ms
    Min runtime:   0.008192ms
    Max runtime:   0.019456ms
    Mean runtime:  0.0104243ms
    Throughput:    0.767436GB/sec
      Speedup vs CPU:        x948934
      Speedup vs single GPU: x0.888998

Benchmarking multi GPU w/ Steams map **************
  Running a warmup
  Result is correct
    Total runtime: 1.02912ms
    Min runtime:   0.009216ms
    Max runtime:   0.014336ms
    Mean runtime:  0.0102912ms
    Throughput:    0.777363GB/sec
      Speedup vs CPU:        x961209
      Speedup vs single GPU: x0.900498
      Speedup vs multi GPU:  x1.01294

Benchmarking multi GPU map with hints *************
  Running a warmup
  Result is correct
    Total runtime: 1.40698ms
    Min runtime:   0.013312ms
    Max runtime:   0.019456ms
    Mean runtime:  0.0140698ms
    Throughput:    0.568596GB/sec
      Speedup vs CPU:        x703069
      Speedup vs single GPU: x0.658662
      Speedup vs multi GPU:  x0.740903

