Running array of length 50000 (0.0004GB)
Will validate output
Getting CPU baseline
CPU mapping took: 23767ms

Benchmarking single GPU map ***********************
  Running a warmup
  Result is correct
    Total runtime: 0.956417ms
    Min runtime:   0.008192ms
    Max runtime:   0.022528ms
    Mean runtime:  0.00956417ms
    Throughput:    41.8228GB/sec
      Speedup vs CPU:        x2.485e+06

Benchmarking multi GPU map ************************
  Running a warmup
  Result is correct
    Total runtime: 1.13152ms
    Min runtime:   0.01024ms
    Max runtime:   0.018432ms
    Mean runtime:  0.0113152ms
    Throughput:    35.3507GB/sec
      Speedup vs CPU:        x2.10045e+06
      Speedup vs single GPU: x0.845249

Benchmarking multi GPU w/ Steams map **************
  Running a warmup
  Result is correct
    Total runtime: 1.16224ms
    Min runtime:   0.01024ms
    Max runtime:   0.018432ms
    Mean runtime:  0.0116224ms
    Throughput:    34.4163GB/sec
      Speedup vs CPU:        x2.04493e+06
      Speedup vs single GPU: x0.822908
      Speedup vs multi GPU:  x0.973568

Benchmarking multi GPU map with hints *************
  Running a warmup
  Result is correct
    Total runtime: 1.54931ms
    Min runtime:   0.014336ms
    Max runtime:   0.024576ms
    Mean runtime:  0.0154931ms
    Throughput:    25.8179GB/sec
      Speedup vs CPU:        x1.53404e+06
      Speedup vs single GPU: x0.617317
      Speedup vs multi GPU:  x0.730337

