Running array of length 500 (4e-06GB)
Will validate output
Getting CPU baseline
CPU mapping took: 10841ms

Benchmarking single GPU map ***********************
  Running a warmup
  Result is correct
    Total runtime: 0.946177ms
    Min runtime:   0.008192ms
    Max runtime:   0.017408ms
    Mean runtime:  0.00946177ms
    Throughput:    0.422754GB/sec
      Speedup vs CPU:        x1.14577e+06

Benchmarking multi GPU map ************************
  Running a warmup
  Result is correct
    Total runtime: 1.19603ms
    Min runtime:   0.01024ms
    Max runtime:   0.02048ms
    Mean runtime:  0.0119603ms
    Throughput:    0.334439GB/sec
      Speedup vs CPU:        x906414
      Speedup vs single GPU: x0.791097

Benchmarking multi GPU w/ Steams map **************
  Running a warmup
  Result is correct
    Total runtime: 1.21037ms
    Min runtime:   0.011264ms
    Max runtime:   0.019456ms
    Mean runtime:  0.0121037ms
    Throughput:    0.330478GB/sec
      Speedup vs CPU:        x895678
      Speedup vs single GPU: x0.781727
      Speedup vs multi GPU:  x0.988156

Benchmarking multi GPU map with hints *************
  Running a warmup
  Result is correct
    Total runtime: 1.53498ms
    Min runtime:   0.014336ms
    Max runtime:   0.02048ms
    Mean runtime:  0.0153498ms
    Throughput:    0.26059GB/sec
      Speedup vs CPU:        x706265
      Speedup vs single GPU: x0.616411
      Speedup vs multi GPU:  x0.779186

