Running array of length 500000 (0.004GB)
Will validate output
Getting CPU baseline
CPU mapping took: 24257ms

Benchmarking single GPU map ***********************
  Running a warmup
  Result is correct
    Total runtime: 1.00762ms
    Min runtime:   0.009216ms
    Max runtime:   0.012288ms
    Mean runtime:  0.0100762ms
    Throughput:    396.976GB/sec
      Speedup vs CPU:        x2.40736e+06

Benchmarking multi GPU map ************************
  Running a warmup
  Result is correct
    Total runtime: 0.977921ms
    Min runtime:   0.008192ms
    Max runtime:   0.017408ms
    Mean runtime:  0.00977921ms
    Throughput:    409.031GB/sec
      Speedup vs CPU:        x2.48047e+06
      Speedup vs single GPU: x1.03037

Benchmarking multi GPU w/ Steams map **************
  Running a warmup
  Result is correct
    Total runtime: 1.0711ms
    Min runtime:   0.009216ms
    Max runtime:   0.029696ms
    Mean runtime:  0.010711ms
    Throughput:    373.446GB/sec
      Speedup vs CPU:        x2.26467e+06
      Speedup vs single GPU: x0.940727
      Speedup vs multi GPU:  x0.913002

Benchmarking multi GPU map with hints *************
  Running a warmup
  Result is correct
    Total runtime: 1.43462ms
    Min runtime:   0.013312ms
    Max runtime:   0.021504ms
    Mean runtime:  0.0143462ms
    Throughput:    278.819GB/sec
      Speedup vs CPU:        x1.69083e+06
      Speedup vs single GPU: x0.702356
      Speedup vs multi GPU:  x0.681657

