Running array of length 10000000000 (80GB)
Will validate output
Getting CPU baseline
CPU mapping took: 2.39771e+06ms

Benchmarking single GPU map ***********************
  Running a warmup
  Result is correct
    Total runtime: 842.334ms
    Min runtime:   8.41318ms
    Max runtime:   8.54118ms
    Mean runtime:  8.42334ms
    Throughput:    9497.42GB/sec
      Speedup vs CPU:        x284651

Benchmarking multi GPU map ************************
  Running a warmup
  Result is correct
    Total runtime: 361162ms
    Min runtime:   13.2762ms
    Max runtime:   9896.83ms
    Mean runtime:  3611.62ms
    Throughput:    22.1507GB/sec
      Speedup vs CPU:        x663.888
      Speedup vs single GPU: x0.00233229

Benchmarking multi GPU w/ Steams map **************
  Running a warmup
  Result is correct
    Total runtime: 301251ms
    Min runtime:   13.227ms
    Max runtime:   9757.25ms
    Mean runtime:  3012.51ms
    Throughput:    26.5559GB/sec
      Speedup vs CPU:        x795.919
      Speedup vs single GPU: x0.00279612
      Speedup vs multi GPU:  x1.19888

Benchmarking multi GPU map with hints *************
  Running a warmup
  Result is correct
    Total runtime: 509638ms
    Min runtime:   22.271ms
    Max runtime:   9841.6ms
    Mean runtime:  5096.38ms
    Throughput:    15.6974GB/sec
      Speedup vs CPU:        x470.473
      Speedup vs single GPU: x0.00165281
      Speedup vs multi GPU:  x0.708664

