Running array of length 500000000 (4GB)
Will validate output
Getting CPU baseline
CPU mapping took: 137994ms

Benchmarking single GPU map ***********************
  Running a warmup
  Result is correct
    Total runtime: 299.211ms
    Min runtime:   2.98394ms
    Max runtime:   3.10272ms
    Mean runtime:  2.99211ms
    Throughput:    1336.85GB/sec
      Speedup vs CPU:        x46119.3

Benchmarking multi GPU map ************************
  Running a warmup
  Result is correct
    Total runtime: 149.628ms
    Min runtime:   1.49299ms
    Max runtime:   1.51859ms
    Mean runtime:  1.49628ms
    Throughput:    2673.3GB/sec
      Speedup vs CPU:        x92224.8
      Speedup vs single GPU: x1.9997

Benchmarking multi GPU w/ Steams map **************
  Running a warmup
  Result is correct
    Total runtime: 149.917ms
    Min runtime:   1.49606ms
    Max runtime:   1.51962ms
    Mean runtime:  1.49917ms
    Throughput:    2668.15GB/sec
      Speedup vs CPU:        x92047.1
      Speedup vs single GPU: x1.99585
      Speedup vs multi GPU:  x0.998074

Benchmarking multi GPU map with hints *************
  Running a warmup
  Result is correct
    Total runtime: 161.691ms
    Min runtime:   1.59437ms
    Max runtime:   1.73056ms
    Mean runtime:  1.61691ms
    Throughput:    2473.86GB/sec
      Speedup vs CPU:        x85344.5
      Speedup vs single GPU: x1.85051
      Speedup vs multi GPU:  x0.925396

