Running array of length 20000 (8e-05GB)
Will validate output
Initialising input array
Getting CPU result
CPU reduction took: 16866ms
CPU throughput:     4.74327e-09GB/sec

Benchmarking commutative single GPU reduce ********
  Running a warmup
  Comparing 10000 and 10000 with tolerance of 0.20000000298
  Result is correct
    Total runtime: 13.3058691025ms
    Min runtime:   0.0593920014799ms
    Max runtime:   2.76172804832ms
    Mean runtime:  0.133058696985ms
    Throughput:    0.601238429546GB/sec
      Speedup vs CPU:        x126756

Benchmarking commutative multi GPU reduce *********
  Running a warmup
  Comparing 10000 and 10000 with tolerance of 0.20000000298
  Result is correct
    Total runtime: 136.817657471ms
    Min runtime:   1.14175999165ms
    Max runtime:   2.27737593651ms
    Mean runtime:  1.36817657948ms
    Throughput:    0.058471981436GB/sec
      Speedup vs CPU:        x12327.4
      Speedup vs single GPU: x0.0972526

Benchmarking commutative multi GPU reduce with hints
  Running a warmup
  Comparing 10000 and 10000 with tolerance of 0.20000000298
  Result is correct
    Total runtime: 129.03326416ms
    Min runtime:   1.02911996841ms
    Max runtime:   1.67833602428ms
    Mean runtime:  1.29033267498ms
    Throughput:    0.0619995109737GB/sec
      Speedup vs CPU:        x13071
      Speedup vs single GPU: x0.10312
      Speedup vs multi GPU:  x1.06033

Benchmarking associative single GPU reduce ****
  Running a warmup
  Comparing 10000 and 10000 with tolerance of 0.20000000298
  Result is correct
    Total runtime: 224.703491211ms
    Min runtime:   1.87084794044ms
    Max runtime:   2.60812807083ms
    Mean runtime:  2.24703502655ms
    Throughput:    0.0356024689972GB/sec
      Speedup vs CPU:        x7505.89

Benchmarking associative multi GPU reduce *****
  Running a warmup
  Comparing 10000 and 10000 with tolerance of 0.20000000298
  Result is correct
    Total runtime: 439.023590088ms
    Min runtime:   4.09907197952ms
    Max runtime:   4.92953586578ms
    Mean runtime:  4.39023590088ms
    Throughput:    0.0182222537696GB/sec
      Speedup vs CPU:        x3841.71
      Speedup vs single GPU: x0.511826

Benchmarking associative multi GPU reduce with hints
  Running a warmup
  Comparing 10000 and 10000 with tolerance of 0.20000000298
  Result is correct
    Total runtime: 416.5519104ms
    Min runtime:   3.98233604431ms
    Max runtime:   4.74931192398ms
    Mean runtime:  4.16551923752ms
    Throughput:    0.0192052870989GB/sec
      Speedup vs CPU:        x4048.96
      Speedup vs single GPU: x0.539437
      Speedup vs multi GPU:  x1.05395
