Running array of length 100000000 (0.4GB)
Will validate output
Initialising input array
Getting CPU result
CPU reduction took: 21769ms
CPU throughput:     1.83748e-05GB/sec

Benchmarking commutative single GPU reduce ********
  Running a warmup
  Comparing 10000 and 10000 with tolerance of 1000
  Result is correct
    Total runtime: 125.956054688ms
    Min runtime:   1.09055995941ms
    Max runtime:   1.31276798248ms
    Mean runtime:  1.25956058502ms
    Throughput:    317.571044922GB/sec
      Speedup vs CPU:        x17283

Benchmarking commutative multi GPU reduce *********
  Running a warmup
  Comparing 10000 and 10000 with tolerance of 1000
  Result is correct
    Total runtime: 320.387115479ms
    Min runtime:   2.85184001923ms
    Max runtime:   3.77343988419ms
    Mean runtime:  3.20387125015ms
    Throughput:    124.848953247GB/sec
      Speedup vs CPU:        x6794.59
      Speedup vs single GPU: x0.393137

Benchmarking commutative multi GPU reduce with hints
  Running a warmup
  Comparing 10000 and 10000 with tolerance of 1000
  Result is correct
    Total runtime: 235.432922363ms
    Min runtime:   2.09612798691ms
    Max runtime:   2.58969593048ms
    Mean runtime:  2.35432910919ms
    Throughput:    169.899780273GB/sec
      Speedup vs CPU:        x9246.37
      Speedup vs single GPU: x0.534998
      Speedup vs multi GPU:  x1.36084

Benchmarking associative single GPU reduce ****
  Running a warmup
  Comparing 10000 and 10000 with tolerance of 1000
  Result is correct
    Total runtime: 1108.34875488ms
    Min runtime:   11.0325756073ms
    Max runtime:   11.5957756042ms
    Mean runtime:  11.0834875107ms
    Throughput:    36.0897216797GB/sec
      Speedup vs CPU:        x1964.09

Benchmarking associative multi GPU reduce *****
  Running a warmup
  Comparing 10000 and 10000 with tolerance of 1000
  Result is correct
    Total runtime: 453.418060303ms
    Min runtime:   4.42060804367ms
    Max runtime:   5.11897611618ms
    Mean runtime:  4.53418064117ms
    Throughput:    88.2188034058GB/sec
      Speedup vs CPU:        x4801.09
      Speedup vs single GPU: x2.44443

Benchmarking associative multi GPU reduce with hints
  Running a warmup
  Comparing 10000 and 10000 with tolerance of 1000
  Result is correct
    Total runtime: 458.453033447ms
    Min runtime:   4.43494415283ms
    Max runtime:   5.10054397583ms
    Mean runtime:  4.58453035355ms
    Throughput:    87.2499389648GB/sec
      Speedup vs CPU:        x4748.36
      Speedup vs single GPU: x2.41758
      Speedup vs multi GPU:  x0.989017
