Running array of length 7500000000 (30GB)
Will validate output
Initialising input array
Getting CPU result
CPU reduction took: 1.70427e+06ms
CPU throughput:     1.76029e-05GB/sec

Benchmarking commutative single GPU reduce ********
  Running a warmup
  Comparing 10000 and 10000 with tolerance of 75000
  Result is correct
    Total runtime: 2675.64526367ms
    Min runtime:   26.580991745ms
    Max runtime:   26.8677120209ms
    Mean runtime:  26.7564525604ms
    Throughput:    1121.22485352GB/sec
      Speedup vs CPU:        x63695.6

Benchmarking commutative multi GPU reduce *********
  Running a warmup
  Comparing 10000 and 10000 with tolerance of 75000
  Result is correct
    Total runtime: 1648.90551758ms
    Min runtime:   15.6723203659ms
    Max runtime:   18.4555511475ms
    Mean runtime:  16.4890556335ms
    Throughput:    1819.38842773GB/sec
      Speedup vs CPU:        x103358
      Speedup vs single GPU: x1.62268

Benchmarking commutative multi GPU reduce with hints
  Running a warmup
  Comparing 10000 and 10000 with tolerance of 75000
  Result is correct
    Total runtime: 1542.22521973ms
    Min runtime:   15.0435838699ms
    Max runtime:   16.3983364105ms
    Mean runtime:  15.422252655ms
    Throughput:    1945.24108887GB/sec
      Speedup vs CPU:        x110507
      Speedup vs single GPU: x1.73493
      Speedup vs multi GPU:  x1.06917

Benchmarking associative single GPU reduce ****
  Running a warmup
  Comparing 10000 and 20000 with tolerance of 75000
  Result is correct
    Total runtime: 12881.7021484ms
    Min runtime:   104.005630493ms
    Max runtime:   134.747131348ms
    Mean runtime:  128.817016602ms
    Throughput:    232.888473511GB/sec
      Speedup vs CPU:        x13230.2

Benchmarking associative multi GPU reduce *****
  Running a warmup
  Comparing 10000 and 10000 with tolerance of 75000
  Result is correct
    Total runtime: 2098.76708984ms
    Min runtime:   19.9362564087ms
    Max runtime:   29.8229751587ms
    Mean runtime:  20.9876708984ms
    Throughput:    1429.41052246GB/sec
      Speedup vs CPU:        x81203.3
      Speedup vs single GPU: x6.13775

Benchmarking associative multi GPU reduce with hints
  Running a warmup
  Comparing 10000 and 10000 with tolerance of 75000
  Result is correct
    Total runtime: 2020.90393066ms
    Min runtime:   19.9516162872ms
    Max runtime:   22.2750720978ms
    Mean runtime:  20.2090396881ms
    Throughput:    1484.48413086GB/sec
      Speedup vs CPU:        x84332
      Speedup vs single GPU: x6.37423
      Speedup vs multi GPU:  x1.03853
