Running array of length 10000000 (0.04GB)
Will validate output
Initialising input array
Getting CPU result
CPU reduction took: 13575ms
CPU throughput:     2.94659e-06GB/sec

Benchmarking commutative single GPU reduce ********
  Running a warmup
  Comparing 10000 and 10000 with tolerance of 100
  Result is correct
    Total runtime: 39.8121032715ms
    Min runtime:   0.311295986176ms
    Max runtime:   1.93024003506ms
    Mean runtime:  0.398121029139ms
    Throughput:    100.471954346GB/sec
      Speedup vs CPU:        x34097.7

Benchmarking commutative multi GPU reduce *********
  Running a warmup
  Comparing 10000 and 10000 with tolerance of 100
  Result is correct
    Total runtime: 210.534393311ms
    Min runtime:   1.32812798023ms
    Max runtime:   3.88505601883ms
    Mean runtime:  2.10534381866ms
    Throughput:    18.9992713928GB/sec
      Speedup vs CPU:        x6447.88
      Speedup vs single GPU: x0.1891

Benchmarking commutative multi GPU reduce with hints
  Running a warmup
  Comparing 10000 and 10000 with tolerance of 100
  Result is correct
    Total runtime: 149.1015625ms
    Min runtime:   1.20934402943ms
    Max runtime:   1.83296000957ms
    Mean runtime:  1.49101567268ms
    Throughput:    26.8273487091GB/sec
      Speedup vs CPU:        x9104.53
      Speedup vs single GPU: x0.267013
      Speedup vs multi GPU:  x1.41202

Benchmarking associative single GPU reduce ****
  Running a warmup
  Comparing 10000 and 10000 with tolerance of 100
  Result is correct
    Total runtime: 314.353546143ms
    Min runtime:   3.10886406898ms
    Max runtime:   3.74067211151ms
    Mean runtime:  3.1435353756ms
    Throughput:    12.7245264053GB/sec
      Speedup vs CPU:        x4318.39

Benchmarking associative multi GPU reduce *****
  Running a warmup
  Comparing 10000 and 10000 with tolerance of 100
  Result is correct
    Total runtime: 497.700866699ms
    Min runtime:   4.43084812164ms
    Max runtime:   7.25504016876ms
    Mean runtime:  4.97700881958ms
    Throughput:    8.03695487976GB/sec
      Speedup vs CPU:        x2727.54
      Speedup vs single GPU: x0.631611

Benchmarking associative multi GPU reduce with hints
  Running a warmup
  Comparing 10000 and 10000 with tolerance of 100
  Result is correct
    Total runtime: 438.642700195ms
    Min runtime:   4.09600019455ms
    Max runtime:   5.01862382889ms
    Mean runtime:  4.38642692566ms
    Throughput:    9.11903858185GB/sec
      Speedup vs CPU:        x3094.77
      Speedup vs single GPU: x0.716651
      Speedup vs multi GPU:  x1.13464
