Running array of length 2500000000 (10GB)
Will validate output
Initialising input array
Getting CPU result
CPU reduction took: 538324ms
CPU throughput:     1.85762e-05GB/sec

Benchmarking commutative single GPU reduce ********
  Running a warmup
  Comparing 10000 and 10000 with tolerance of 25000
  Result is correct
    Total runtime: 909.81463623ms
    Min runtime:   8.96102428436ms
    Max runtime:   9.1443195343ms
    Mean runtime:  9.0981464386ms
    Throughput:    1099.12487793GB/sec
      Speedup vs CPU:        x59168.5

Benchmarking commutative multi GPU reduce *********
  Running a warmup
  Comparing 10000 and 10000 with tolerance of 25000
  Result is correct
    Total runtime: 704.012145996ms
    Min runtime:   6.4767999649ms
    Max runtime:   8.06809616089ms
    Mean runtime:  7.04012155533ms
    Throughput:    1420.42993164GB/sec
      Speedup vs CPU:        x76465.2
      Speedup vs single GPU: x1.29233

Benchmarking commutative multi GPU reduce with hints
  Running a warmup
  Comparing 10000 and 10000 with tolerance of 25000
  Result is correct
    Total runtime: 663.073791504ms
    Min runtime:   6.36620807648ms
    Max runtime:   6.98880004883ms
    Mean runtime:  6.63073778152ms
    Throughput:    1508.12768555GB/sec
      Speedup vs CPU:        x81186.1
      Speedup vs single GPU: x1.37212
      Speedup vs multi GPU:  x1.06174

Benchmarking associative single GPU reduce ****
  Running a warmup
  Comparing 10000 and 10000 with tolerance of 25000
  Result is correct
    Total runtime: 30023.8027344ms
    Min runtime:   235.954177856ms
    Max runtime:   306.396148682ms
    Mean runtime:  300.238037109ms
    Throughput:    33.3069038391GB/sec
      Speedup vs CPU:        x1792.99

Benchmarking associative multi GPU reduce *****
  Running a warmup
  Comparing 10000 and 10000 with tolerance of 25000
  Result is correct
    Total runtime: 1055.68151855ms
    Min runtime:   9.70342445374ms
    Max runtime:   13.8270721436ms
    Mean runtime:  10.5568151474ms
    Throughput:    947.255371094GB/sec
      Speedup vs CPU:        x50993
      Speedup vs single GPU: x28.4402

Benchmarking associative multi GPU reduce with hints
  Running a warmup
  Comparing 10000 and 10000 with tolerance of 25000
  Result is correct
    Total runtime: 996.742004395ms
    Min runtime:   9.74233627319ms
    Max runtime:   10.4396800995ms
    Mean runtime:  9.96741962433ms
    Throughput:    1003.26861572GB/sec
      Speedup vs CPU:        x54008.4
      Speedup vs single GPU: x30.1219
      Speedup vs multi GPU:  x1.05913
