Running array of length 20000000 (0.08GB)
Will validate output
Initialising input array
Getting CPU result
CPU reduction took: 13356ms
CPU throughput:     5.98982e-06GB/sec

Benchmarking commutative single GPU reduce ********
  Running a warmup
  Comparing 10000 and 10000 with tolerance of 200
  Result is correct
    Total runtime: 71.1843719482ms
    Min runtime:   0.595968008041ms
    Max runtime:   0.763903975487ms
    Mean runtime:  0.711843729019ms
    Throughput:    112.384208679GB/sec
      Speedup vs CPU:        x18762.5

Benchmarking commutative multi GPU reduce *********
  Running a warmup
  Comparing 10000 and 10000 with tolerance of 200
  Result is correct
    Total runtime: 208.321517944ms
    Min runtime:   1.70598399639ms
    Max runtime:   2.74022388458ms
    Mean runtime:  2.08321523666ms
    Throughput:    38.4021720886GB/sec
      Speedup vs CPU:        x6411.24
      Speedup vs single GPU: x0.341704

Benchmarking commutative multi GPU reduce with hints
  Running a warmup
  Comparing 10000 and 10000 with tolerance of 200
  Result is correct
    Total runtime: 168.556518555ms
    Min runtime:   1.43257594109ms
    Max runtime:   2.22924804688ms
    Mean runtime:  1.68556523323ms
    Throughput:    47.4618186951GB/sec
      Speedup vs CPU:        x7923.75
      Speedup vs single GPU: x0.422318
      Speedup vs multi GPU:  x1.23591

Benchmarking associative single GPU reduce ****
  Running a warmup
  Comparing 10000 and 10000 with tolerance of 200
  Result is correct
    Total runtime: 407.917480469ms
    Min runtime:   3.86867189407ms
    Max runtime:   5.16812801361ms
    Mean runtime:  4.07917499542ms
    Throughput:    19.6118068695GB/sec
      Speedup vs CPU:        x3274.19

Benchmarking associative multi GPU reduce *****
  Running a warmup
  Comparing 10000 and 10000 with tolerance of 200
  Result is correct
    Total runtime: 462.095428467ms
    Min runtime:   4.39398384094ms
    Max runtime:   4.97049617767ms
    Mean runtime:  4.62095451355ms
    Throughput:    17.3124389648GB/sec
      Speedup vs CPU:        x2890.31
      Speedup vs single GPU: x0.882756

Benchmarking associative multi GPU reduce with hints
  Running a warmup
  Comparing 10000 and 10000 with tolerance of 200
  Result is correct
    Total runtime: 455.471008301ms
    Min runtime:   4.40729618073ms
    Max runtime:   5.09337615967ms
    Mean runtime:  4.55470991135ms
    Throughput:    17.5642337799GB/sec
      Speedup vs CPU:        x2932.35
      Speedup vs single GPU: x0.895595
      Speedup vs multi GPU:  x1.01454
