[xzb272@futharkhpa03fl MultiGPU]$ ./build/reduce 20000000000 20 -v
Running array of length 20000000000 (80GB)
Will validate output
Initialising input array
Getting CPU result
CPU reduction took: 7.05391e+07ms
CPU throughput:     1.13412e-06GB/sec

Benchmarking single GPU reduce ********************
  Running a warmup
  Completed run 20/20
  Comparing 9999947524.26 and 9999947591.59 with tolerance of 200000
  Result is correct
    Total runtime: 679423.3125ms
    Min runtime:   33769.5429688ms
    Max runtime:   34761.6875ms
    Mean runtime:  33971.1640625ms
    Throughput:    2.35493850708GB/sec
      Speedup vs CPU:        x2076.44

Benchmarking multi GPU reduce *********************
  Running a warmup
  Completed run 20/20
  Comparing 9999947524.26 and 9999947625.95 with tolerance of 200000
  Result is correct
    Total runtime: 736.956420898ms
    Min runtime:   36.4523506165ms
    Max runtime:   37.1220474243ms
    Mean runtime:  36.847820282ms
    Throughput:    2171.09155273GB/sec
      Speedup vs CPU:        x1.91433e+06
      Speedup vs single GPU: x921.931

Benchmarking multi GPU reduce with hints **********
  Running a warmup
  Completed run 20/20
  Comparing 9999947524.26 and 9999947625.95 with tolerance of 200000
  Result is correct
    Total runtime: 741.636047363ms
    Min runtime:   36.6039047241ms
    Max runtime:   37.3370895386ms
    Mean runtime:  37.0818023682ms
    Throughput:    2157.39233398GB/sec
      Speedup vs CPU:        x1.90226e+06
      Speedup vs single GPU: x916.114
      Speedup vs multi GPU:  x0.99369
